time="2023-01-25T12:44:01+05:00" level=info msg="Success connection to localhost" func="LogoForCardsGin/internal/db.GetDbConnection()" file="db.go:49"
time="2023-01-25T12:59:26+05:00" level=info msg="Success connection to localhost" func="LogoForCardsGin/internal/db.GetDbConnection()" file="db.go:49"
time="2023-01-25T12:59:33+05:00" level=info msg=Megafon_logo.png func="LogoForCardsGin/internal/server.(*Handler).AddUser()" file="handler.go:67"
time="2023-01-25T12:59:33+05:00" level=info msg="ERROR: duplicate key value violates unique constraint \"usercards_num_key\" (SQLSTATE 23505)" func="LogoForCardsGin/internal/repository.(*Repository).AddUser()" file="repository.go:39"
time="2023-01-25T12:59:33+05:00" level=info msg="ERROR: duplicate key value violates unique constraint \"usercards_num_key\" (SQLSTATE 23505)" func="LogoForCardsGin/internal/services.(*Services).AddUser()" file="services.go:43"
time="2023-01-25T12:59:45+05:00" level=info msg=Megafon_logo.png func="LogoForCardsGin/internal/server.(*Handler).AddUser()" file="handler.go:67"
time="2023-01-25T14:05:15+05:00" level=info msg="Success connection to localhost" func="LogoForCardsGin/internal/db.GetDbConnection()" file="db.go:49"
time="2023-01-25T15:19:33+05:00" level=info msg="Success connection to localhost" func="LogoForCardsGin/internal/db.GetDbConnection()" file="db.go:49"
time="2023-01-25T15:29:11+05:00" level=info msg="Success connection to localhost" func="LogoForCardsGin/internal/db.GetDbConnection()" file="db.go:49"
time="2023-01-25T15:30:54+05:00" level=info msg="Success connection to localhost" func="LogoForCardsGin/internal/db.GetDbConnection()" file="db.go:49"
time="2023-01-25T15:30:59+05:00" level=info msg=Megafon_logo.png func="LogoForCardsGin/internal/server.(*Handler).AddUser()" file="handler.go:66"
time="2023-01-25T15:30:59+05:00" level=info msg="ERROR: duplicate key value violates unique constraint \"usercards_num_key\" (SQLSTATE 23505)" func="LogoForCardsGin/internal/repository.(*Repository).AddUser()" file="repository.go:40"
time="2023-01-25T15:30:59+05:00" level=info msg="ERROR: duplicate key value violates unique constraint \"usercards_num_key\" (SQLSTATE 23505)" func="LogoForCardsGin/internal/services.(*Services).AddUser()" file="services.go:43"
time="2023-01-25T15:30:59+05:00" level=info msg="ERROR: duplicate key value violates unique constraint \"usercards_num_key\" (SQLSTATE 23505)" func="LogoForCardsGin/internal/server.(*Handler).AddUser()" file="handler.go:72"
time="2023-01-25T15:31:05+05:00" level=info msg=Megafon_logo.png func="LogoForCardsGin/internal/server.(*Handler).AddUser()" file="handler.go:66"
time="2023-01-25T16:49:12+05:00" level=info msg="Success connection to localhost" func="LogoForCardsGin/internal/db.GetDbConnection()" file="db.go:49"
time="2023-01-25T16:49:21+05:00" level=info msg="invalid argument" func="LogoForCardsGin/internal/services.(*Services).GetUsers()" file="services.go:26"
time="2023-01-25T16:50:37+05:00" level=info msg="Success connection to localhost" func="LogoForCardsGin/internal/db.GetDbConnection()" file="db.go:49"
time="2023-01-25T16:50:40+05:00" level=info msg="invalid argument" func="LogoForCardsGin/internal/services.(*Services).GetUsers()" file="services.go:26"
time="2023-01-25T16:50:57+05:00" level=info msg="Success connection to localhost" func="LogoForCardsGin/internal/db.GetDbConnection()" file="db.go:49"
time="2023-01-25T16:50:59+05:00" level=info msg="invalid argument" func="LogoForCardsGin/internal/services.(*Services).GetUsers()" file="services.go:26"
time="2023-01-25T16:51:15+05:00" level=info msg="Success connection to localhost" func="LogoForCardsGin/internal/db.GetDbConnection()" file="db.go:49"
time="2023-01-25T16:51:18+05:00" level=info msg="invalid argument" func="LogoForCardsGin/internal/services.(*Services).GetUsers()" file="services.go:26"
time="2023-01-25T16:51:29+05:00" level=info msg="Success connection to localhost" func="LogoForCardsGin/internal/db.GetDbConnection()" file="db.go:49"
time="2023-01-25T16:51:32+05:00" level=info msg="invalid argument" func="LogoForCardsGin/internal/services.(*Services).GetUsers()" file="services.go:26"
time="2023-01-25T16:51:46+05:00" level=info msg="Success connection to localhost" func="LogoForCardsGin/internal/db.GetDbConnection()" file="db.go:49"
time="2023-01-25T16:51:48+05:00" level=info msg="invalid argument" func="LogoForCardsGin/internal/services.(*Services).GetUsers()" file="services.go:26"
time="2023-01-25T16:53:03+05:00" level=info msg="Success connection to localhost" func="LogoForCardsGin/internal/db.GetDbConnection()" file="db.go:49"
time="2023-01-25T16:56:28+05:00" level=info msg="Success connection to localhost" func="LogoForCardsGin/internal/db.GetDbConnection()" file="db.go:49"
time="2023-01-25T16:56:30+05:00" level=info msg="[0x140000e0150 0x140000e01c0 0x140000e0230 0x140000e02a0 0x140000e0310 0x140000e0380 0x140000e03f0 0x140000e0460 0x140000e0540 0x140000e05b0 0x140000e0620 0x140000e0690 0x140000e0770 0x140000e0850 0x140000e09a0 0x140000e0a80 0x140000e0bd0 0x140000e0c40 0x140000e0cb0 0x140000e0d20 0x140000e0d90 0x140000e0e00]" func="LogoForCardsGin/internal/services.(*Services).GetUsers()" file="services.go:26"
time="2023-01-25T16:58:28+05:00" level=info msg="Success connection to localhost" func="LogoForCardsGin/internal/db.GetDbConnection()" file="db.go:49"
time="2023-01-25T16:58:31+05:00" level=info msg="[0x1400060e5b0 0x1400060e620 0x1400060e690 0x1400060e700 0x1400060e770 0x1400060e7e0 0x1400060e850 0x1400060e8c0 0x1400060e930 0x1400060e9a0 0x1400060ea10 0x1400060ea80 0x1400060eaf0 0x1400060eb60 0x1400060ebd0 0x1400060ec40 0x1400060ecb0 0x1400060ed20 0x1400060ed90 0x1400060ee00 0x1400060ee70 0x1400060eee0]" func="LogoForCardsGin/internal/services.(*Services).GetUsers()" file="services.go:26"
time="2023-01-25T16:59:42+05:00" level=info msg="Success connection to localhost" func="LogoForCardsGin/internal/db.GetDbConnection()" file="db.go:49"
time="2023-01-25T17:02:04+05:00" level=info msg="Success connection to localhost" func="LogoForCardsGin/internal/db.GetDbConnection()" file="db.go:49"
time="2023-01-25T17:02:36+05:00" level=info msg="Success connection to localhost" func="LogoForCardsGin/internal/db.GetDbConnection()" file="db.go:49"
time="2023-01-25T17:03:17+05:00" level=info msg="Success connection to localhost" func="LogoForCardsGin/internal/db.GetDbConnection()" file="db.go:49"
time="2023-01-25T17:03:42+05:00" level=info msg="Success connection to localhost" func="LogoForCardsGin/internal/db.GetDbConnection()" file="db.go:49"
time="2023-01-25T17:07:53+05:00" level=info msg="Success connection to localhost" func="LogoForCardsGin/internal/db.GetDbConnection()" file="db.go:49"
time="2023-01-25T17:11:34+05:00" level=info msg="Success connection to localhost" func="LogoForCardsGin/internal/db.GetDbConnection()" file="db.go:49"
time="2023-01-25T17:12:32+05:00" level=info msg="Success connection to localhost" func="LogoForCardsGin/internal/db.GetDbConnection()" file="db.go:49"
time="2023-01-25T17:19:44+05:00" level=info msg="Success connection to localhost" func="LogoForCardsGin/internal/db.GetDbConnection()" file="db.go:49"
time="2023-01-25T17:20:01+05:00" level=info msg="Success connection to localhost" func="LogoForCardsGin/internal/db.GetDbConnection()" file="db.go:49"
time="2023-01-25T17:20:17+05:00" level=info msg="Success connection to localhost" func="LogoForCardsGin/internal/db.GetDbConnection()" file="db.go:49"
time="2023-01-25T17:20:25+05:00" level=info msg="Success connection to localhost" func="LogoForCardsGin/internal/db.GetDbConnection()" file="db.go:49"
time="2023-01-25T17:21:00+05:00" level=info msg="Success connection to localhost" func="LogoForCardsGin/internal/db.GetDbConnection()" file="db.go:49"
time="2023-01-25T17:24:03+05:00" level=info msg="Success connection to localhost" func="LogoForCardsGin/internal/db.GetDbConnection()" file="db.go:49"
time="2023-01-25T17:24:44+05:00" level=info msg="Success connection to localhost" func="LogoForCardsGin/internal/db.GetDbConnection()" file="db.go:49"
time="2023-01-25T17:25:05+05:00" level=info msg="Success connection to localhost" func="LogoForCardsGin/internal/db.GetDbConnection()" file="db.go:49"
time="2023-01-25T17:25:56+05:00" level=info msg="Success connection to localhost" func="LogoForCardsGin/internal/db.GetDbConnection()" file="db.go:49"
time="2023-01-25T17:27:22+05:00" level=info msg="Success connection to localhost" func="LogoForCardsGin/internal/db.GetDbConnection()" file="db.go:49"
time="2023-01-25T17:27:46+05:00" level=info msg="Success connection to localhost" func="LogoForCardsGin/internal/db.GetDbConnection()" file="db.go:49"
time="2023-01-25T17:36:33+05:00" level=info msg=Megafon_logo.png func="LogoForCardsGin/internal/server.(*Handler).AddUser()" file="handler.go:93"
time="2023-01-25T17:36:33+05:00" level=info msg="ERROR: duplicate key value violates unique constraint \"usercards_num_key\" (SQLSTATE 23505)" func="LogoForCardsGin/internal/repository.(*Repository).AddUser()" file="repository.go:40"
time="2023-01-25T17:36:33+05:00" level=info msg="ERROR: duplicate key value violates unique constraint \"usercards_num_key\" (SQLSTATE 23505)" func="LogoForCardsGin/internal/services.(*Services).AddUser()" file="services.go:43"
time="2023-01-25T17:36:33+05:00" level=info msg="ERROR: duplicate key value violates unique constraint \"usercards_num_key\" (SQLSTATE 23505)" func="LogoForCardsGin/internal/server.(*Handler).AddUser()" file="handler.go:99"
time="2023-01-25T18:01:24+05:00" level=info msg="Success connection to localhost" func="LogoForCardsGin/internal/db.GetDbConnection()" file="db.go:49"
time="2023-01-25T18:01:44+05:00" level=info msg="Success connection to localhost" func="LogoForCardsGin/internal/db.GetDbConnection()" file="db.go:49"
time="2023-01-25T18:02:28+05:00" level=info msg="Success connection to localhost" func="LogoForCardsGin/internal/db.GetDbConnection()" file="db.go:49"
time="2023-01-25T18:03:15+05:00" level=info msg="Success connection to localhost" func="LogoForCardsGin/internal/db.GetDbConnection()" file="db.go:49"
time="2023-01-25T18:08:47+05:00" level=info msg="Success connection to localhost" func="LogoForCardsGin/internal/db.GetDbConnection()" file="db.go:49"
time="2023-01-26T17:04:57+05:00" level=info msg="Success connection to localhost" func="LogoForCardsGin/internal/db.GetDbConnection()" file="db.go:49"
time="2023-01-27T10:51:38+05:00" level=info msg="Success connection to localhost" func="LogoForCardsGin/internal/db.GetDbConnection()" file="db.go:49"
time="2023-01-27T14:06:37+05:00" level=info msg="Success connection to localhost" func="LogoForCardsGin/internal/db.GetDbConnection()" file="db.go:49"
time="2023-01-27T14:06:46+05:00" level=info msg="ERROR: duplicate key value violates unique constraint \"usercards_num_key\" (SQLSTATE 23505)" func="LogoForCardsGin/internal/repository.(*Repository).AddUser()" file="repository.go:36"
time="2023-01-27T14:06:46+05:00" level=info msg="ERROR: duplicate key value violates unique constraint \"usercards_num_key\" (SQLSTATE 23505)" func="LogoForCardsGin/internal/services.(*Services).AddUser()" file="services.go:35"
time="2023-01-27T14:06:46+05:00" level=info msg="ERROR: duplicate key value violates unique constraint \"usercards_num_key\" (SQLSTATE 23505)" func="LogoForCardsGin/internal/server.(*Handler).AddUser()" file="handler.go:104"
time="2023-01-27T14:34:21+05:00" level=info msg="Success connection to localhost" func="LogoForCardsGin/internal/db.GetDbConnection()" file="db.go:49"
time="2023-01-27T14:34:39+05:00" level=info msg="ERROR: duplicate key value violates unique constraint \"usercards_num_key\" (SQLSTATE 23505)" func="LogoForCardsGin/internal/repository.(*Repository).AddUser()" file="repository.go:36"
time="2023-01-27T14:34:39+05:00" level=info msg="ERROR: duplicate key value violates unique constraint \"usercards_num_key\" (SQLSTATE 23505)" func="LogoForCardsGin/internal/services.(*Services).AddUser()" file="services.go:35"
time="2023-01-27T14:34:39+05:00" level=info msg="ERROR: duplicate key value violates unique constraint \"usercards_num_key\" (SQLSTATE 23505)" func="LogoForCardsGin/internal/server.(*Handler).AddUser()" file="handler.go:104"
time="2023-01-27T14:36:00+05:00" level=info msg="ERROR: duplicate key value violates unique constraint \"usercards_num_key\" (SQLSTATE 23505)" func="LogoForCardsGin/internal/repository.(*Repository).AddUser()" file="repository.go:36"
time="2023-01-27T14:36:00+05:00" level=info msg="ERROR: duplicate key value violates unique constraint \"usercards_num_key\" (SQLSTATE 23505)" func="LogoForCardsGin/internal/services.(*Services).AddUser()" file="services.go:35"
time="2023-01-27T14:36:00+05:00" level=info msg="ERROR: duplicate key value violates unique constraint \"usercards_num_key\" (SQLSTATE 23505)" func="LogoForCardsGin/internal/server.(*Handler).AddUser()" file="handler.go:104"
time="2023-01-27T14:37:51+05:00" level=info msg="Success connection to localhost" func="LogoForCardsGin/internal/db.GetDbConnection()" file="db.go:49"
time="2023-01-27T14:37:53+05:00" level=info msg="ERROR: duplicate key value violates unique constraint \"usercards_num_key\" (SQLSTATE 23505)" func="LogoForCardsGin/internal/repository.(*Repository).AddUser()" file="repository.go:36"
time="2023-01-27T14:37:53+05:00" level=info msg="ERROR: duplicate key value violates unique constraint \"usercards_num_key\" (SQLSTATE 23505)" func="LogoForCardsGin/internal/services.(*Services).AddUser()" file="services.go:35"
time="2023-01-27T14:37:53+05:00" level=info msg="ERROR: duplicate key value violates unique constraint \"usercards_num_key\" (SQLSTATE 23505)" func="LogoForCardsGin/internal/server.(*Handler).AddUser()" file="handler.go:104"
time="2023-01-27T16:48:53+05:00" level=info msg="Success connection to localhost" func="LogoForCardsGin/internal/db.GetDbConnection()" file="db.go:49"
time="2023-01-29T20:34:20+05:00" level=info msg="Success connection to localhost" func="LogoForCardsGin/internal/db.GetDbConnection()" file="db.go:49"
time="2023-01-29T20:34:59+05:00" level=info msg="Success connection to localhost" func="LogoForCardsGin/internal/db.GetDbConnection()" file="db.go:49"
time="2023-01-29T20:36:37+05:00" level=info msg="Success connection to localhost" func="LogoForCardsGin/internal/db.GetDbConnection()" file="db.go:49"
time="2023-01-29T20:36:41+05:00" level=info msg="context.Background.WithDeadline(2023-01-29 20:36:43.668371 +0500 +05 m=+6.103367751 [1.999961083s])" func="LogoForCardsGin/internal/repository.(*Repository).GetUser()" file="repository.go:32"
time="2023-01-29T20:37:05+05:00" level=info msg="Success connection to localhost" func="LogoForCardsGin/internal/db.GetDbConnection()" file="db.go:49"
time="2023-01-29T20:37:08+05:00" level=info msg="context.Background.WithDeadline(2023-01-29 20:37:08.483778 +0500 +05 m=+2.506800584 [199.896958ms])" func="LogoForCardsGin/internal/repository.(*Repository).GetUser()" file="repository.go:32"
time="2023-01-29T20:38:43+05:00" level=info msg="Success connection to localhost" func="LogoForCardsGin/internal/db.GetDbConnection()" file="db.go:49"
time="2023-01-29T20:38:46+05:00" level=info msg="context.Background.WithDeadline(2023-01-29 20:38:46.360779 +0500 +05 m=+2.482269209 [199.987125ms])" func="LogoForCardsGin/internal/repository.(*Repository).GetUser()" file="repository.go:32"
time="2023-01-29T20:39:23+05:00" level=info msg="Success connection to localhost" func="LogoForCardsGin/internal/db.GetDbConnection()" file="db.go:49"
time="2023-01-29T20:39:25+05:00" level=info msg="context.Background.WithDeadline(2023-01-29 20:39:25.397544 +0500 +05 m=+1.647256168 [199.910208ms]) cool" func="LogoForCardsGin/internal/repository.(*Repository).GetUser()" file="repository.go:32"
time="2023-01-29T20:41:21+05:00" level=info msg="Success connection to localhost" func="LogoForCardsGin/internal/db.GetDbConnection()" file="db.go:49"
time="2023-01-29T20:41:25+05:00" level=info msg="0x10246cb90 cool" func="LogoForCardsGin/internal/repository.(*Repository).GetUser()" file="repository.go:32"
time="2023-01-29T20:41:25+05:00" level=info msg="context.Background.WithDeadline(2023-01-29 20:41:25.754602 +0500 +05 m=+4.420802376 [199.767834ms]) cool" func="LogoForCardsGin/internal/repository.(*Repository).GetUser()" file="repository.go:35"
time="2023-01-29T20:41:58+05:00" level=info msg="Success connection to localhost" func="LogoForCardsGin/internal/db.GetDbConnection()" file="db.go:49"
time="2023-01-29T20:41:59+05:00" level=info msg="context.Background.WithDeadline(2023-01-29 20:41:59.413292 +0500 +05 m=+1.392997709 [199.9845ms]) 0x104bccb90" func="LogoForCardsGin/internal/repository.(*Repository).GetUser()" file="repository.go:31"
time="2023-01-29T20:43:09+05:00" level=info msg="Success connection to localhost" func="LogoForCardsGin/internal/db.GetDbConnection()" file="db.go:49"
time="2023-01-29T20:43:26+05:00" level=info msg="Success connection to localhost" func="LogoForCardsGin/internal/db.GetDbConnection()" file="db.go:49"
time="2023-01-29T20:43:30+05:00" level=info msg="context.Background.WithDeadline(2023-01-29 20:43:30.583212 +0500 +05 m=+3.693198167 [199.973125ms]) 0x104444b90" func="LogoForCardsGin/internal/repository.(*Repository).GetUser()" file="repository.go:32"
time="2023-01-29T20:46:02+05:00" level=info msg="Success connection to localhost" func="LogoForCardsGin/internal/db.GetDbConnection()" file="db.go:49"
time="2023-01-29T20:46:07+05:00" level=info msg="context.Background.WithDeadline(2023-01-29 20:46:07.201059 +0500 +05 m=+5.010060210 [199.974667ms]) 0x100e50b90" func="LogoForCardsGin/internal/repository.(*Repository).GetUser()" file="repository.go:31"
time="2023-01-29T20:46:07+05:00" level=info msg="GetUser complete" func="LogoForCardsGin/internal/repository.(*Repository).GetUser.func1()" file="repository.go:33"
time="2023-01-29T20:46:09+05:00" level=info msg="ERROR: duplicate key value violates unique constraint \"usercards_num_key\" (SQLSTATE 23505)" func="LogoForCardsGin/internal/repository.(*Repository).AddUser()" file="repository.go:43"
time="2023-01-29T20:46:09+05:00" level=info msg="ERROR: duplicate key value violates unique constraint \"usercards_num_key\" (SQLSTATE 23505)" func="LogoForCardsGin/internal/services.(*Services).AddUser()" file="services.go:35"
time="2023-01-29T20:46:09+05:00" level=info msg="ERROR: duplicate key value violates unique constraint \"usercards_num_key\" (SQLSTATE 23505)" func="LogoForCardsGin/internal/server.(*Handler).AddUser()" file="handler.go:109"
time="2023-01-29T20:46:12+05:00" level=info msg="context.Background.WithDeadline(2023-01-29 20:46:12.21281 +0500 +05 m=+10.022052293 [199.983458ms]) 0x100e50b90" func="LogoForCardsGin/internal/repository.(*Repository).AddUser()" file="repository.go:47"
time="2023-01-29T20:46:12+05:00" level=info msg="AddUser complete" func="LogoForCardsGin/internal/repository.(*Repository).AddUser.func1()" file="repository.go:49"
time="2023-01-29T20:46:24+05:00" level=info msg="context.Background.WithDeadline(2023-01-29 20:46:24.63115 +0500 +05 m=+22.440990293 [199.974583ms]) 0x100e50b90" func="LogoForCardsGin/internal/repository.(*Repository).UpdateLogoJson()" file="repository.go:65"
time="2023-01-29T20:46:24+05:00" level=info msg="UpdateLogoJson complete" func="LogoForCardsGin/internal/repository.(*Repository).UpdateLogoJson.func1()" file="repository.go:67"
time="2023-01-29T20:46:31+05:00" level=info msg="context.Background.WithDeadline(2023-01-29 20:46:31.647548 +0500 +05 m=+29.457725251 [199.947208ms]) 0x100e50b90" func="LogoForCardsGin/internal/repository.(*Repository).ChangeStatus()" file="repository.go:90"
time="2023-01-29T20:46:31+05:00" level=info msg="ChangeStatus complete" func="LogoForCardsGin/internal/repository.(*Repository).ChangeStatus.func1()" file="repository.go:92"
time="2023-01-29T20:46:42+05:00" level=info msg="context.Background.WithDeadline(2023-01-29 20:46:42.620545 +0500 +05 m=+40.431250251 [199.973916ms]) 0x100e50b90" func="LogoForCardsGin/internal/repository.(*Repository).UpdateLogoJson()" file="repository.go:65"
time="2023-01-29T20:46:42+05:00" level=info msg="UpdateLogoJson complete" func="LogoForCardsGin/internal/repository.(*Repository).UpdateLogoJson.func1()" file="repository.go:67"
time="2023-01-29T21:03:34+05:00" level=info msg="Success connection to localhost" func="LogoForCardsGin/internal/db.GetDbConnection()" file="db.go:49"
time="2023-01-29T21:03:39+05:00" level=info msg="context.Background.WithDeadline(2023-01-29 21:03:39.476886 +0500 +05 m=+4.883238459 [199.960042ms]) 0x1046a0a60" func="LogoForCardsGin/internal/repository.(*Repository).UpdateLogoJson()" file="repository.go:64"
time="2023-01-29T21:03:39+05:00" level=info msg="UpdateLogoJson complete" func="LogoForCardsGin/internal/repository.(*Repository).UpdateLogoJson.func1()" file="repository.go:66"
time="2023-01-29T21:03:41+05:00" level=info msg="context.Background.WithDeadline(2023-01-29 21:03:41.959553 +0500 +05 m=+7.366022876 [199.929375ms]) 0x1046a0a60" func="LogoForCardsGin/internal/repository.(*Repository).ChangeStatus()" file="repository.go:89"
time="2023-01-29T21:03:41+05:00" level=info msg="ChangeStatus complete" func="LogoForCardsGin/internal/repository.(*Repository).ChangeStatus.func1()" file="repository.go:91"
time="2023-01-29T21:03:43+05:00" level=info msg="context.Background.WithDeadline(2023-01-29 21:03:44.1071 +0500 +05 m=+9.513671126 [199.985459ms]) 0x1046a0a60" func="LogoForCardsGin/internal/repository.(*Repository).UpdateLogoJson()" file="repository.go:64"
time="2023-01-29T21:03:43+05:00" level=info msg="UpdateLogoJson complete" func="LogoForCardsGin/internal/repository.(*Repository).UpdateLogoJson.func1()" file="repository.go:66"
time="2023-01-29T21:03:49+05:00" level=info msg="context.Background.WithDeadline(2023-01-29 21:03:49.466244 +0500 +05 m=+14.873068167 [199.976833ms]) 0x1046a0a60" func="LogoForCardsGin/internal/repository.(*Repository).AddUser()" file="repository.go:46"
time="2023-01-29T21:03:49+05:00" level=info msg="AddUser complete" func="LogoForCardsGin/internal/repository.(*Repository).AddUser.func1()" file="repository.go:48"
time="2023-01-29T21:03:52+05:00" level=info msg="context.Background.WithDeadline(2023-01-29 21:03:52.334173 +0500 +05 m=+17.741132584 [199.984333ms]) 0x1046a0a60" func="LogoForCardsGin/internal/repository.(*Repository).GetUser()" file="repository.go:30"
time="2023-01-29T21:03:52+05:00" level=info msg="GetUser complete" func="LogoForCardsGin/internal/repository.(*Repository).GetUser.func1()" file="repository.go:32"
time="2023-01-29T21:04:00+05:00" level=info msg="ERROR: duplicate key value violates unique constraint \"usercards_num_key\" (SQLSTATE 23505)" func="LogoForCardsGin/internal/repository.(*Repository).AddUser()" file="repository.go:42"
time="2023-01-29T21:04:00+05:00" level=info msg="ERROR: duplicate key value violates unique constraint \"usercards_num_key\" (SQLSTATE 23505)" func="LogoForCardsGin/internal/services.(*Services).AddUser()" file="services.go:34"
time="2023-01-29T21:04:00+05:00" level=info msg="ERROR: duplicate key value violates unique constraint \"usercards_num_key\" (SQLSTATE 23505)" func="LogoForCardsGin/internal/server.(*Handler).AddUser()" file="handler.go:109"
time="2023-01-29T21:28:18+05:00" level=info msg="Success connection to localhost" func="LogoForCardsGin/internal/db.GetDbConnection()" file="db.go:49"
time="2023-01-29T21:28:30+05:00" level=info msg="ERROR: duplicate key value violates unique constraint \"usercards_num_key\" (SQLSTATE 23505)" func="LogoForCardsGin/internal/repository.(*Repository).AddUser()" file="repository.go:43"
time="2023-01-29T21:28:30+05:00" level=info msg="ERROR: duplicate key value violates unique constraint \"usercards_num_key\" (SQLSTATE 23505)" func="LogoForCardsGin/internal/services.(*Services).AddUser()" file="services.go:35"
time="2023-01-29T21:28:30+05:00" level=info msg="ERROR: duplicate key value violates unique constraint \"usercards_num_key\" (SQLSTATE 23505)" func="LogoForCardsGin/internal/server.(*Handler).AddUser()" file="handler.go:109"
time="2023-01-29T21:28:33+05:00" level=info msg="context.Background.WithDeadline(2023-01-29 21:28:33.997765 +0500 +05 m=+15.501416542 [199.975958ms]) 0x104970a60" func="LogoForCardsGin/internal/repository.(*Repository).AddUser()" file="repository.go:47"
time="2023-01-29T21:28:33+05:00" level=info msg="AddUser complete" func="LogoForCardsGin/internal/repository.(*Repository).AddUser.func1()" file="repository.go:49"
time="2023-01-29T21:28:36+05:00" level=info msg="context.Background.WithDeadline(2023-01-29 21:28:36.576158 +0500 +05 m=+18.079871459 [199.97425ms]) 0x104970a60" func="LogoForCardsGin/internal/repository.(*Repository).GetUser()" file="repository.go:31"
time="2023-01-29T21:28:36+05:00" level=info msg="GetUser complete" func="LogoForCardsGin/internal/repository.(*Repository).GetUser.func1()" file="repository.go:33"
time="2023-01-30T13:59:35+05:00" level=info msg="Success connection to localhost" func="LogoForCardsGin/internal/db.GetDbConnection()" file="db.go:49"
time="2023-01-30T14:00:45+05:00" level=info msg="context.Background.WithDeadline(2023-01-30 14:00:46.166285 +0500 +05 m=+70.754778668 [199.972209ms]) 0x1010c8a60" func="LogoForCardsGin/internal/repository.(*Repository).AddUser()" file="repository.go:47"
time="2023-01-30T14:00:45+05:00" level=info msg="AddUser complete" func="LogoForCardsGin/internal/repository.(*Repository).AddUser.func1()" file="repository.go:49"
